     STATION_NUMBER  YEAR  ...  DRAINAGE_AREA_GROSS  YEARS_OF_DATA
0           07EA001  1983  ...              11100.0             20
1           07EA002  1998  ...               2410.0             33
2           07EA004  2019  ...               4140.0             51
3           07EA005  2018  ...              15600.0             44
4           07EA006  1983  ...                  NaN              3
...             ...   ...  ...                  ...            ...
1186        10CD003  2018  ...                277.0             39
1187        10CD004  2018  ...                335.0             38
1188        10CD005  2017  ...                109.0             34
1189        10CD006  1994  ...               7320.0              7
1190        10DA001  2017  ...              22400.0             10

[1191 rows x 11 columns]
error: http://wally-staging-api:8000/api/v1/watersheds/hydat.07EA001
Internal Server Error
error: http://wally-staging-api:8000/api/v1/watersheds/hydat.07EA002
Internal Server Error
success: http://wally-staging-api:8000/api/v1/watersheds/hydat.07EA004
success: http://wally-staging-api:8000/api/v1/watersheds/hydat.07EA005
success: http://wally-staging-api:8000/api/v1/watersheds/hydat.07EA006
success: http://wally-staging-api:8000/api/v1/watersheds/hydat.07EA007
success: http://wally-staging-api:8000/api/v1/watersheds/hydat.07EB001
error: http://wally-staging-api:8000/api/v1/watersheds/hydat.07EB002
Internal Server Error
success: http://wally-staging-api:8000/api/v1/watersheds/hydat.07EC001
success: http://wally-staging-api:8000/api/v1/watersheds/hydat.07EC002
*** LOG PROGRESS ***
row count: 10
process time: 22.854568858941395 minutes
failed calls: 3 30.0%
successful watersheds count: 7 out of 10
successful watersheds percentage: 70.0%
*** LOG END ***
success: http://wally-staging-api:8000/api/v1/watersheds/hydat.07EC003
success: http://wally-staging-api:8000/api/v1/watersheds/hydat.07EC004
success: http://wally-staging-api:8000/api/v1/watersheds/hydat.07ED001
success: http://wally-staging-api:8000/api/v1/watersheds/hydat.07ED002
success: http://wally-staging-api:8000/api/v1/watersheds/hydat.07ED003
success: http://wally-staging-api:8000/api/v1/watersheds/hydat.07EE002
success: http://wally-staging-api:8000/api/v1/watersheds/hydat.07EE003
success: http://wally-staging-api:8000/api/v1/watersheds/hydat.07EE004
success: http://wally-staging-api:8000/api/v1/watersheds/hydat.07EE005
success: http://wally-staging-api:8000/api/v1/watersheds/hydat.07EE007
*** LOG PROGRESS ***
row count: 20
process time: 37.48921307722728 minutes
failed calls: 3 15.0%
successful watersheds count: 17 out of 20
successful watersheds percentage: 85.0%
*** LOG END ***
error: http://wally-staging-api:8000/api/v1/watersheds/hydat.07EE008
Internal Server Error
error: http://wally-staging-api:8000/api/v1/watersheds/hydat.07EE009
Internal Server Error
error: http://wally-staging-api:8000/api/v1/watersheds/hydat.07EE010
Internal Server Error
error: http://wally-staging-api:8000/api/v1/watersheds/hydat.07EF001
Internal Server Error
error: http://wally-staging-api:8000/api/v1/watersheds/hydat.07EF002
Internal Server Error
error: http://wally-staging-api:8000/api/v1/watersheds/hydat.07EF003
Internal Server Error
error: http://wally-staging-api:8000/api/v1/watersheds/hydat.07EF004
Internal Server Error
error: http://wally-staging-api:8000/api/v1/watersheds/hydat.07FA001
Internal Server Error
error: http://wally-staging-api:8000/api/v1/watersheds/hydat.07FA003
Internal Server Error
error: http://wally-staging-api:8000/api/v1/watersheds/hydat.07FA004
Internal Server Error
*** LOG PROGRESS ***
row count: 30
process time: 38.36705474058787 minutes
failed calls: 13 43.333333333333336%
successful watersheds count: 17 out of 30
successful watersheds percentage: 56.666666666666664%
*** LOG END ***
error: http://wally-staging-api:8000/api/v1/watersheds/hydat.07FA005
Internal Server Error
error: http://wally-staging-api:8000/api/v1/watersheds/hydat.07FA006
Internal Server Error
error: http://wally-staging-api:8000/api/v1/watersheds/hydat.07FA007
Internal Server Error
error: http://wally-staging-api:8000/api/v1/watersheds/hydat.07FB001
Internal Server Error
error: http://wally-staging-api:8000/api/v1/watersheds/hydat.07FB002
Internal Server Error
error: http://wally-staging-api:8000/api/v1/watersheds/hydat.07FB003
Internal Server Error
error: http://wally-staging-api:8000/api/v1/watersheds/hydat.07FB004
Internal Server Error
error: http://wally-staging-api:8000/api/v1/watersheds/hydat.07FB005
Internal Server Error
error: http://wally-staging-api:8000/api/v1/watersheds/hydat.07FB006
Internal Server Error
error: http://wally-staging-api:8000/api/v1/watersheds/hydat.07FB007
Internal Server Error
*** LOG PROGRESS ***
row count: 40
process time: 38.3697350581487 minutes
failed calls: 23 57.49999999999999%
successful watersheds count: 17 out of 40
successful watersheds percentage: 42.5%
*** LOG END ***
error: http://wally-staging-api:8000/api/v1/watersheds/hydat.07FB008
Internal Server Error
error: http://wally-staging-api:8000/api/v1/watersheds/hydat.07FB009
Internal Server Error
error: http://wally-staging-api:8000/api/v1/watersheds/hydat.07FC001
Internal Server Error
error: http://wally-staging-api:8000/api/v1/watersheds/hydat.07FC002
Internal Server Error
error: http://wally-staging-api:8000/api/v1/watersheds/hydat.07FC003
Internal Server Error
error: http://wally-staging-api:8000/api/v1/watersheds/hydat.07FC004
Internal Server Error
error: http://wally-staging-api:8000/api/v1/watersheds/hydat.07FC005
Internal Server Error
error: http://wally-staging-api:8000/api/v1/watersheds/hydat.07FC006
Internal Server Error
error: http://wally-staging-api:8000/api/v1/watersheds/hydat.07FD001
Internal Server Error
error: http://wally-staging-api:8000/api/v1/watersheds/hydat.07FD002
Internal Server Error
*** LOG PROGRESS ***
row count: 50
process time: 38.37224191029866 minutes
failed calls: 33 66.0%
successful watersheds count: 17 out of 50
successful watersheds percentage: 34.0%
*** LOG END ***
error: http://wally-staging-api:8000/api/v1/watersheds/hydat.07FD004
Internal Server Error
error: http://wally-staging-api:8000/api/v1/watersheds/hydat.07FD007
Internal Server Error
error: http://wally-staging-api:8000/api/v1/watersheds/hydat.07FD010
Internal Server Error
error: http://wally-staging-api:8000/api/v1/watersheds/hydat.07GC001
Internal Server Error
error: http://wally-staging-api:8000/api/v1/watersheds/hydat.08BB001
Internal Server Error
error: http://wally-staging-api:8000/api/v1/watersheds/hydat.08BB002
Internal Server Error
error: http://wally-staging-api:8000/api/v1/watersheds/hydat.08CA001
Internal Server Error
error: http://wally-staging-api:8000/api/v1/watersheds/hydat.08CA002
Internal Server Error
error: http://wally-staging-api:8000/api/v1/watersheds/hydat.08CA003
Internal Server Error
error: http://wally-staging-api:8000/api/v1/watersheds/hydat.08CB001
Internal Server Error
*** LOG PROGRESS ***
row count: 60
process time: 38.37510879039765 minutes
failed calls: 43 71.66666666666667%
successful watersheds count: 17 out of 60
successful watersheds percentage: 28.333333333333332%
*** LOG END ***
error: http://wally-staging-api:8000/api/v1/watersheds/hydat.08CB002
Internal Server Error
error: http://wally-staging-api:8000/api/v1/watersheds/hydat.08CC001
Internal Server Error
error: http://wally-staging-api:8000/api/v1/watersheds/hydat.08CC002
Internal Server Error
error: http://wally-staging-api:8000/api/v1/watersheds/hydat.08CC003
Internal Server Error
error: http://wally-staging-api:8000/api/v1/watersheds/hydat.08CD001
Internal Server Error
error: http://wally-staging-api:8000/api/v1/watersheds/hydat.08CE001
Internal Server Error
error: http://wally-staging-api:8000/api/v1/watersheds/hydat.08CE004
Internal Server Error
error: http://wally-staging-api:8000/api/v1/watersheds/hydat.08CF001
Internal Server Error
error: http://wally-staging-api:8000/api/v1/watersheds/hydat.08CG001
Internal Server Error
error: http://wally-staging-api:8000/api/v1/watersheds/hydat.08CG003
Internal Server Error
*** LOG PROGRESS ***
row count: 70
process time: 38.37769908507665 minutes
failed calls: 53 75.71428571428571%
successful watersheds count: 17 out of 70
successful watersheds percentage: 24.285714285714285%
*** LOG END ***
error: http://wally-staging-api:8000/api/v1/watersheds/hydat.08CG004
Internal Server Error
error: http://wally-staging-api:8000/api/v1/watersheds/hydat.08CG005
Internal Server Error
error: http://wally-staging-api:8000/api/v1/watersheds/hydat.08CG006
Internal Server Error
error: http://wally-staging-api:8000/api/v1/watersheds/hydat.08DA005
Internal Server Error
error: http://wally-staging-api:8000/api/v1/watersheds/hydat.08DA006
Internal Server Error
error: http://wally-staging-api:8000/api/v1/watersheds/hydat.08DA007
Internal Server Error
error: http://wally-staging-api:8000/api/v1/watersheds/hydat.08DA009
Internal Server Error
error: http://wally-staging-api:8000/api/v1/watersheds/hydat.08DA010
Internal Server Error
error: http://wally-staging-api:8000/api/v1/watersheds/hydat.08DA011
Internal Server Error
error: http://wally-staging-api:8000/api/v1/watersheds/hydat.08DA012
Internal Server Error
*** LOG PROGRESS ***
row count: 80
process time: 38.38039075533549 minutes
failed calls: 63 78.75%
successful watersheds count: 17 out of 80
successful watersheds percentage: 21.25%
*** LOG END ***
error: http://wally-staging-api:8000/api/v1/watersheds/hydat.08DB001
Internal Server Error
error: http://wally-staging-api:8000/api/v1/watersheds/hydat.08DB002
Internal Server Error
error: http://wally-staging-api:8000/api/v1/watersheds/hydat.08DB010
Internal Server Error
error: http://wally-staging-api:8000/api/v1/watersheds/hydat.08DB011
Internal Server Error
error: http://wally-staging-api:8000/api/v1/watersheds/hydat.08DB012
Internal Server Error
error: http://wally-staging-api:8000/api/v1/watersheds/hydat.08DB013
Internal Server Error
error: http://wally-staging-api:8000/api/v1/watersheds/hydat.08DB014
Internal Server Error
error: http://wally-staging-api:8000/api/v1/watersheds/hydat.08DC006
Internal Server Error
error: http://wally-staging-api:8000/api/v1/watersheds/hydat.08DD001
Internal Server Error
error: http://wally-staging-api:8000/api/v1/watersheds/hydat.08EB003
Internal Server Error
*** LOG PROGRESS ***
row count: 90
process time: 38.38287680546443 minutes
failed calls: 73 81.11111111111111%
successful watersheds count: 17 out of 90
successful watersheds percentage: 18.88888888888889%
*** LOG END ***
error: http://wally-staging-api:8000/api/v1/watersheds/hydat.08EB004
Internal Server Error
error: http://wally-staging-api:8000/api/v1/watersheds/hydat.08EB005
Internal Server Error
error: http://wally-staging-api:8000/api/v1/watersheds/hydat.08EC001
Internal Server Error
error: http://wally-staging-api:8000/api/v1/watersheds/hydat.08EC002
Internal Server Error
error: http://wally-staging-api:8000/api/v1/watersheds/hydat.08EC003
Internal Server Error
error: http://wally-staging-api:8000/api/v1/watersheds/hydat.08EC004
Internal Server Error
error: http://wally-staging-api:8000/api/v1/watersheds/hydat.08EC005
Internal Server Error
error: http://wally-staging-api:8000/api/v1/watersheds/hydat.08EC013
Internal Server Error
error: http://wally-staging-api:8000/api/v1/watersheds/hydat.08ED001
Internal Server Error
error: http://wally-staging-api:8000/api/v1/watersheds/hydat.08ED002
Internal Server Error
*** LOG PROGRESS ***
row count: 100
process time: 38.385395324230196 minutes
failed calls: 83 83.0%
successful watersheds count: 17 out of 100
successful watersheds percentage: 17.0%
*** LOG END ***
error: http://wally-staging-api:8000/api/v1/watersheds/hydat.08ED003
Internal Server Error
error: http://wally-staging-api:8000/api/v1/watersheds/hydat.08EE001
Internal Server Error
error: http://wally-staging-api:8000/api/v1/watersheds/hydat.08EE003
Internal Server Error
error: http://wally-staging-api:8000/api/v1/watersheds/hydat.08EE004
Internal Server Error
error: http://wally-staging-api:8000/api/v1/watersheds/hydat.08EE005
Internal Server Error
error: http://wally-staging-api:8000/api/v1/watersheds/hydat.08EE006
Internal Server Error
error: http://wally-staging-api:8000/api/v1/watersheds/hydat.08EE008
Internal Server Error
error: http://wally-staging-api:8000/api/v1/watersheds/hydat.08EE009
Internal Server Error
error: http://wally-staging-api:8000/api/v1/watersheds/hydat.08EE010
Internal Server Error
error: http://wally-staging-api:8000/api/v1/watersheds/hydat.08EE011
Internal Server Error
*** LOG PROGRESS ***
row count: 110
process time: 38.3875680287679 minutes
failed calls: 93 84.54545454545455%
successful watersheds count: 17 out of 110
successful watersheds percentage: 15.454545454545453%
*** LOG END ***
error: http://wally-staging-api:8000/api/v1/watersheds/hydat.08EE012
Internal Server Error
error: http://wally-staging-api:8000/api/v1/watersheds/hydat.08EE013
Internal Server Error
error: http://wally-staging-api:8000/api/v1/watersheds/hydat.08EE014
Internal Server Error
error: http://wally-staging-api:8000/api/v1/watersheds/hydat.08EE018
Internal Server Error
error: http://wally-staging-api:8000/api/v1/watersheds/hydat.08EE019
Internal Server Error
error: http://wally-staging-api:8000/api/v1/watersheds/hydat.08EE020
Internal Server Error
error: http://wally-staging-api:8000/api/v1/watersheds/hydat.08EE025
Internal Server Error
error: http://wally-staging-api:8000/api/v1/watersheds/hydat.08EE028
Internal Server Error
error: http://wally-staging-api:8000/api/v1/watersheds/hydat.08EF001
Internal Server Error
error: http://wally-staging-api:8000/api/v1/watersheds/hydat.08EF003
Internal Server Error
*** LOG PROGRESS ***
row count: 120
process time: 38.389880355199175 minutes
failed calls: 103 85.83333333333333%
successful watersheds count: 17 out of 120
successful watersheds percentage: 14.166666666666666%
*** LOG END ***
error: http://wally-staging-api:8000/api/v1/watersheds/hydat.08EF004
Internal Server Error
error: http://wally-staging-api:8000/api/v1/watersheds/hydat.08EF005
Internal Server Error
error: http://wally-staging-api:8000/api/v1/watersheds/hydat.08EG001
Internal Server Error
error: http://wally-staging-api:8000/api/v1/watersheds/hydat.08EG002
Internal Server Error
error: http://wally-staging-api:8000/api/v1/watersheds/hydat.08EG006
Internal Server Error
error: http://wally-staging-api:8000/api/v1/watersheds/hydat.08EG011
Internal Server Error
error: http://wally-staging-api:8000/api/v1/watersheds/hydat.08EG012
Internal Server Error
error: http://wally-staging-api:8000/api/v1/watersheds/hydat.08EG015
Internal Server Error
error: http://wally-staging-api:8000/api/v1/watersheds/hydat.08EG016
Internal Server Error
error: http://wally-staging-api:8000/api/v1/watersheds/hydat.08EG017
Internal Server Error
*** LOG PROGRESS ***
row count: 130
process time: 38.39232726891836 minutes
failed calls: 113 86.92307692307692%
successful watersheds count: 17 out of 130
successful watersheds percentage: 13.076923076923078%
*** LOG END ***
error: http://wally-staging-api:8000/api/v1/watersheds/hydat.08EG018
Internal Server Error
error: http://wally-staging-api:8000/api/v1/watersheds/hydat.08EG019
Internal Server Error
error: http://wally-staging-api:8000/api/v1/watersheds/hydat.08FA001
Internal Server Error
error: http://wally-staging-api:8000/api/v1/watersheds/hydat.08FA002
Internal Server Error
error: http://wally-staging-api:8000/api/v1/watersheds/hydat.08FA004
Internal Server Error
error: http://wally-staging-api:8000/api/v1/watersheds/hydat.08FA007
Internal Server Error
error: http://wally-staging-api:8000/api/v1/watersheds/hydat.08FA008
Internal Server Error
error: http://wally-staging-api:8000/api/v1/watersheds/hydat.08FB001
Internal Server Error
error: http://wally-staging-api:8000/api/v1/watersheds/hydat.08FB002
Internal Server Error
error: http://wally-staging-api:8000/api/v1/watersheds/hydat.08FB003
Internal Server Error
*** LOG PROGRESS ***
row count: 140
process time: 38.394624495506285 minutes
failed calls: 123 87.85714285714286%
successful watersheds count: 17 out of 140
successful watersheds percentage: 12.142857142857142%
*** LOG END ***
error: http://wally-staging-api:8000/api/v1/watersheds/hydat.08FB004
Internal Server Error
error: http://wally-staging-api:8000/api/v1/watersheds/hydat.08FB005
Internal Server Error
error: http://wally-staging-api:8000/api/v1/watersheds/hydat.08FB006
Internal Server Error
error: http://wally-staging-api:8000/api/v1/watersheds/hydat.08FB007
Internal Server Error
error: http://wally-staging-api:8000/api/v1/watersheds/hydat.08FB008
Internal Server Error
error: http://wally-staging-api:8000/api/v1/watersheds/hydat.08FB009
Internal Server Error
error: http://wally-staging-api:8000/api/v1/watersheds/hydat.08FB011
Internal Server Error
error: http://wally-staging-api:8000/api/v1/watersheds/hydat.08FC001
Internal Server Error
error: http://wally-staging-api:8000/api/v1/watersheds/hydat.08FC002
Internal Server Error
error: http://wally-staging-api:8000/api/v1/watersheds/hydat.08FC003
Internal Server Error
*** LOG PROGRESS ***
row count: 150
process time: 38.39708456993103 minutes
failed calls: 133 88.66666666666667%
successful watersheds count: 17 out of 150
successful watersheds percentage: 11.333333333333332%
*** LOG END ***
error: http://wally-staging-api:8000/api/v1/watersheds/hydat.08FC005
Internal Server Error
error: http://wally-staging-api:8000/api/v1/watersheds/hydat.08FD002
Internal Server Error
error: http://wally-staging-api:8000/api/v1/watersheds/hydat.08FE002
Internal Server Error
error: http://wally-staging-api:8000/api/v1/watersheds/hydat.08FE003
Internal Server Error
error: http://wally-staging-api:8000/api/v1/watersheds/hydat.08FF001
Internal Server Error
error: http://wally-staging-api:8000/api/v1/watersheds/hydat.08FF002
Internal Server Error
error: http://wally-staging-api:8000/api/v1/watersheds/hydat.08FF003
Internal Server Error
error: http://wally-staging-api:8000/api/v1/watersheds/hydat.08FF004
Internal Server Error
error: http://wally-staging-api:8000/api/v1/watersheds/hydat.08FF005
Internal Server Error
error: http://wally-staging-api:8000/api/v1/watersheds/hydat.08FF006
Internal Server Error
*** LOG PROGRESS ***
row count: 160
process time: 38.399161267280576 minutes
failed calls: 143 89.375%
successful watersheds count: 17 out of 160
successful watersheds percentage: 10.625%
*** LOG END ***
error: http://wally-staging-api:8000/api/v1/watersheds/hydat.08GA001
Internal Server Error
error: http://wally-staging-api:8000/api/v1/watersheds/hydat.08GA002
Internal Server Error
error: http://wally-staging-api:8000/api/v1/watersheds/hydat.08GA003
Internal Server Error
error: http://wally-staging-api:8000/api/v1/watersheds/hydat.08GA005
Internal Server Error
error: http://wally-staging-api:8000/api/v1/watersheds/hydat.08GA006
Internal Server Error
error: http://wally-staging-api:8000/api/v1/watersheds/hydat.08GA007
Internal Server Error
error: http://wally-staging-api:8000/api/v1/watersheds/hydat.08GA008
Internal Server Error
error: http://wally-staging-api:8000/api/v1/watersheds/hydat.08GA009
Internal Server Error
error: http://wally-staging-api:8000/api/v1/watersheds/hydat.08GA010
Internal Server Error
error: http://wally-staging-api:8000/api/v1/watersheds/hydat.08GA011
Internal Server Error
*** LOG PROGRESS ***
row count: 170
process time: 38.40148786703745 minutes
failed calls: 153 90.0%
successful watersheds count: 17 out of 170
successful watersheds percentage: 10.0%
*** LOG END ***
error: http://wally-staging-api:8000/api/v1/watersheds/hydat.08GA012
Internal Server Error
error: http://wally-staging-api:8000/api/v1/watersheds/hydat.08GA013
Internal Server Error
error: http://wally-staging-api:8000/api/v1/watersheds/hydat.08GA015
Internal Server Error
error: http://wally-staging-api:8000/api/v1/watersheds/hydat.08GA017
Internal Server Error
error: http://wally-staging-api:8000/api/v1/watersheds/hydat.08GA020
Internal Server Error
error: http://wally-staging-api:8000/api/v1/watersheds/hydat.08GA021
Internal Server Error
error: http://wally-staging-api:8000/api/v1/watersheds/hydat.08GA022
Internal Server Error
error: http://wally-staging-api:8000/api/v1/watersheds/hydat.08GA023
Internal Server Error
error: http://wally-staging-api:8000/api/v1/watersheds/hydat.08GA024
Internal Server Error
error: http://wally-staging-api:8000/api/v1/watersheds/hydat.08GA025
Internal Server Error
*** LOG PROGRESS ***
row count: 180
process time: 38.4038126707077 minutes
failed calls: 163 90.55555555555556%
successful watersheds count: 17 out of 180
successful watersheds percentage: 9.444444444444445%
*** LOG END ***
error: http://wally-staging-api:8000/api/v1/watersheds/hydat.08GA026
Internal Server Error
error: http://wally-staging-api:8000/api/v1/watersheds/hydat.08GA027
Internal Server Error
error: http://wally-staging-api:8000/api/v1/watersheds/hydat.08GA028
Internal Server Error
error: http://wally-staging-api:8000/api/v1/watersheds/hydat.08GA030
Internal Server Error
error: http://wally-staging-api:8000/api/v1/watersheds/hydat.08GA031
Internal Server Error
error: http://wally-staging-api:8000/api/v1/watersheds/hydat.08GA038
Internal Server Error
error: http://wally-staging-api:8000/api/v1/watersheds/hydat.08GA041
Internal Server Error
error: http://wally-staging-api:8000/api/v1/watersheds/hydat.08GA043
Internal Server Error
error: http://wally-staging-api:8000/api/v1/watersheds/hydat.08GA046
Internal Server Error
error: http://wally-staging-api:8000/api/v1/watersheds/hydat.08GA047
Internal Server Error
*** LOG PROGRESS ***
row count: 190
process time: 38.40627657969792 minutes
failed calls: 173 91.05263157894737%
successful watersheds count: 17 out of 190
successful watersheds percentage: 8.947368421052632%
*** LOG END ***
error: http://wally-staging-api:8000/api/v1/watersheds/hydat.08GA048
Internal Server Error
error: http://wally-staging-api:8000/api/v1/watersheds/hydat.08GA049
Internal Server Error
error: http://wally-staging-api:8000/api/v1/watersheds/hydat.08GA052
Internal Server Error
error: http://wally-staging-api:8000/api/v1/watersheds/hydat.08GA054
Internal Server Error
error: http://wally-staging-api:8000/api/v1/watersheds/hydat.08GA057
Internal Server Error
error: http://wally-staging-api:8000/api/v1/watersheds/hydat.08GA060
Internal Server Error
error: http://wally-staging-api:8000/api/v1/watersheds/hydat.08GA061
Internal Server Error
error: http://wally-staging-api:8000/api/v1/watersheds/hydat.08GA062
Internal Server Error
error: http://wally-staging-api:8000/api/v1/watersheds/hydat.08GA063
Internal Server Error
error: http://wally-staging-api:8000/api/v1/watersheds/hydat.08GA064
Internal Server Error
*** LOG PROGRESS ***
row count: 200
process time: 38.409021798769636 minutes
failed calls: 183 91.5%
successful watersheds count: 17 out of 200
successful watersheds percentage: 8.5%
*** LOG END ***
error: http://wally-staging-api:8000/api/v1/watersheds/hydat.08GA065
Internal Server Error
error: http://wally-staging-api:8000/api/v1/watersheds/hydat.08GA069
Internal Server Error
error: http://wally-staging-api:8000/api/v1/watersheds/hydat.08GA071
Internal Server Error
error: http://wally-staging-api:8000/api/v1/watersheds/hydat.08GA072
Internal Server Error
error: http://wally-staging-api:8000/api/v1/watersheds/hydat.08GA075
Internal Server Error
error: http://wally-staging-api:8000/api/v1/watersheds/hydat.08GA076
Internal Server Error
error: http://wally-staging-api:8000/api/v1/watersheds/hydat.08GA077
Internal Server Error
error: http://wally-staging-api:8000/api/v1/watersheds/hydat.08GA078
Internal Server Error
error: http://wally-staging-api:8000/api/v1/watersheds/hydat.08GA079
Internal Server Error
error: http://wally-staging-api:8000/api/v1/watersheds/hydat.08GB003
Internal Server Error
*** LOG PROGRESS ***
row count: 210
process time: 38.41141964594523 minutes
failed calls: 193 91.9047619047619%
successful watersheds count: 17 out of 210
successful watersheds percentage: 8.095238095238095%
*** LOG END ***
error: http://wally-staging-api:8000/api/v1/watersheds/hydat.08GB005
Internal Server Error
error: http://wally-staging-api:8000/api/v1/watersheds/hydat.08GB007
Internal Server Error
error: http://wally-staging-api:8000/api/v1/watersheds/hydat.08GB009
Internal Server Error
error: http://wally-staging-api:8000/api/v1/watersheds/hydat.08GB010
Internal Server Error
error: http://wally-staging-api:8000/api/v1/watersheds/hydat.08GB013
Internal Server Error
error: http://wally-staging-api:8000/api/v1/watersheds/hydat.08GB014
Internal Server Error
error: http://wally-staging-api:8000/api/v1/watersheds/hydat.08GC003
Internal Server Error
error: http://wally-staging-api:8000/api/v1/watersheds/hydat.08GC004
Internal Server Error
error: http://wally-staging-api:8000/api/v1/watersheds/hydat.08GC005
Internal Server Error
error: http://wally-staging-api:8000/api/v1/watersheds/hydat.08GC006
Internal Server Error
*** LOG PROGRESS ***
row count: 220
process time: 38.41392034292221 minutes
failed calls: 203 92.27272727272727%
successful watersheds count: 17 out of 220
successful watersheds percentage: 7.727272727272727%
*** LOG END ***
error: http://wally-staging-api:8000/api/v1/watersheds/hydat.08GC007
Internal Server Error
error: http://wally-staging-api:8000/api/v1/watersheds/hydat.08GC008
Internal Server Error
error: http://wally-staging-api:8000/api/v1/watersheds/hydat.08GD003
Internal Server Error
error: http://wally-staging-api:8000/api/v1/watersheds/hydat.08GD004
Internal Server Error
error: http://wally-staging-api:8000/api/v1/watersheds/hydat.08GD005
Internal Server Error
error: http://wally-staging-api:8000/api/v1/watersheds/hydat.08GD006
Internal Server Error
error: http://wally-staging-api:8000/api/v1/watersheds/hydat.08GD007
Internal Server Error
error: http://wally-staging-api:8000/api/v1/watersheds/hydat.08GD008
Internal Server Error
error: http://wally-staging-api:8000/api/v1/watersheds/hydat.08GD009
Internal Server Error
error: http://wally-staging-api:8000/api/v1/watersheds/hydat.08GE001
Internal Server Error
*** LOG PROGRESS ***
row count: 230
process time: 38.41627951065699 minutes
failed calls: 213 92.6086956521739%
successful watersheds count: 17 out of 230
successful watersheds percentage: 7.391304347826087%
*** LOG END ***
error: http://wally-staging-api:8000/api/v1/watersheds/hydat.08GE002
Internal Server Error
error: http://wally-staging-api:8000/api/v1/watersheds/hydat.08GE003
Internal Server Error
error: http://wally-staging-api:8000/api/v1/watersheds/hydat.08GF001
Internal Server Error
error: http://wally-staging-api:8000/api/v1/watersheds/hydat.08GF004
Internal Server Error
error: http://wally-staging-api:8000/api/v1/watersheds/hydat.08GF005
Internal Server Error
error: http://wally-staging-api:8000/api/v1/watersheds/hydat.08GF006
Internal Server Error
error: http://wally-staging-api:8000/api/v1/watersheds/hydat.08GF007
Internal Server Error
error: http://wally-staging-api:8000/api/v1/watersheds/hydat.08GF008
Internal Server Error
error: http://wally-staging-api:8000/api/v1/watersheds/hydat.08GF009
Internal Server Error
error: http://wally-staging-api:8000/api/v1/watersheds/hydat.08HA001
Internal Server Error
*** LOG PROGRESS ***
row count: 240
process time: 38.41864739656448 minutes
failed calls: 223 92.91666666666667%
successful watersheds count: 17 out of 240
successful watersheds percentage: 7.083333333333333%
*** LOG END ***
error: http://wally-staging-api:8000/api/v1/watersheds/hydat.08HA002
Internal Server Error
error: http://wally-staging-api:8000/api/v1/watersheds/hydat.08HA003
Internal Server Error
error: http://wally-staging-api:8000/api/v1/watersheds/hydat.08HA004
Internal Server Error
error: http://wally-staging-api:8000/api/v1/watersheds/hydat.08HA005
Internal Server Error
error: http://wally-staging-api:8000/api/v1/watersheds/hydat.08HA006
Internal Server Error
error: http://wally-staging-api:8000/api/v1/watersheds/hydat.08HA009
Internal Server Error
error: http://wally-staging-api:8000/api/v1/watersheds/hydat.08HA010
Internal Server Error
error: http://wally-staging-api:8000/api/v1/watersheds/hydat.08HA011
Internal Server Error
error: http://wally-staging-api:8000/api/v1/watersheds/hydat.08HA013
Internal Server Error
error: http://wally-staging-api:8000/api/v1/watersheds/hydat.08HA014
Internal Server Error
*** LOG PROGRESS ***
row count: 250
process time: 38.42108205159505 minutes
failed calls: 233 93.2%
successful watersheds count: 17 out of 250
successful watersheds percentage: 6.800000000000001%
*** LOG END ***
error: http://wally-staging-api:8000/api/v1/watersheds/hydat.08HA015
Internal Server Error
error: http://wally-staging-api:8000/api/v1/watersheds/hydat.08HA016
Internal Server Error
error: http://wally-staging-api:8000/api/v1/watersheds/hydat.08HA017
Internal Server Error
error: http://wally-staging-api:8000/api/v1/watersheds/hydat.08HA021
Internal Server Error
error: http://wally-staging-api:8000/api/v1/watersheds/hydat.08HA026
Internal Server Error
error: http://wally-staging-api:8000/api/v1/watersheds/hydat.08HA033
Internal Server Error
error: http://wally-staging-api:8000/api/v1/watersheds/hydat.08HA034
Internal Server Error
error: http://wally-staging-api:8000/api/v1/watersheds/hydat.08HA037
Internal Server Error
error: http://wally-staging-api:8000/api/v1/watersheds/hydat.08HA038
Internal Server Error
error: http://wally-staging-api:8000/api/v1/watersheds/hydat.08HA039
Internal Server Error
*** LOG PROGRESS ***
row count: 260
process time: 38.42352088689804 minutes
failed calls: 243 93.46153846153847%
successful watersheds count: 17 out of 260
successful watersheds percentage: 6.538461538461539%
*** LOG END ***
error: http://wally-staging-api:8000/api/v1/watersheds/hydat.08HA041
Internal Server Error
error: http://wally-staging-api:8000/api/v1/watersheds/hydat.08HA044
Internal Server Error
error: http://wally-staging-api:8000/api/v1/watersheds/hydat.08HA047
Internal Server Error
error: http://wally-staging-api:8000/api/v1/watersheds/hydat.08HA059
Internal Server Error
error: http://wally-staging-api:8000/api/v1/watersheds/hydat.08HA060
Internal Server Error
error: http://wally-staging-api:8000/api/v1/watersheds/hydat.08HA063
Internal Server Error
error: http://wally-staging-api:8000/api/v1/watersheds/hydat.08HA064
Internal Server Error
error: http://wally-staging-api:8000/api/v1/watersheds/hydat.08HA065
Internal Server Error
error: http://wally-staging-api:8000/api/v1/watersheds/hydat.08HA066
Internal Server Error
error: http://wally-staging-api:8000/api/v1/watersheds/hydat.08HA067
Internal Server Error
*** LOG PROGRESS ***
row count: 270
process time: 38.425772190093994 minutes
failed calls: 253 93.7037037037037%
successful watersheds count: 17 out of 270
successful watersheds percentage: 6.296296296296296%
*** LOG END ***
error: http://wally-staging-api:8000/api/v1/watersheds/hydat.08HA068
Internal Server Error
error: http://wally-staging-api:8000/api/v1/watersheds/hydat.08HA069
Internal Server Error
error: http://wally-staging-api:8000/api/v1/watersheds/hydat.08HA070
Internal Server Error
error: http://wally-staging-api:8000/api/v1/watersheds/hydat.08HA071
Internal Server Error
error: http://wally-staging-api:8000/api/v1/watersheds/hydat.08HA072
Internal Server Error
error: http://wally-staging-api:8000/api/v1/watersheds/hydat.08HA073
Internal Server Error
error: http://wally-staging-api:8000/api/v1/watersheds/hydat.08HB001
Internal Server Error
error: http://wally-staging-api:8000/api/v1/watersheds/hydat.08HB002
Internal Server Error
error: http://wally-staging-api:8000/api/v1/watersheds/hydat.08HB003
Internal Server Error
error: http://wally-staging-api:8000/api/v1/watersheds/hydat.08HB004
Internal Server Error
*** LOG PROGRESS ***
row count: 280
process time: 38.42824670871099 minutes
failed calls: 263 93.92857142857143%
successful watersheds count: 17 out of 280
successful watersheds percentage: 6.071428571428571%
*** LOG END ***
error: http://wally-staging-api:8000/api/v1/watersheds/hydat.08HB005
Internal Server Error
error: http://wally-staging-api:8000/api/v1/watersheds/hydat.08HB006
Internal Server Error
error: http://wally-staging-api:8000/api/v1/watersheds/hydat.08HB007
Internal Server Error
error: http://wally-staging-api:8000/api/v1/watersheds/hydat.08HB008
Internal Server Error
error: http://wally-staging-api:8000/api/v1/watersheds/hydat.08HB009
Internal Server Error
error: http://wally-staging-api:8000/api/v1/watersheds/hydat.08HB010
Internal Server Error
error: http://wally-staging-api:8000/api/v1/watersheds/hydat.08HB011
Internal Server Error
error: http://wally-staging-api:8000/api/v1/watersheds/hydat.08HB012
Internal Server Error
error: http://wally-staging-api:8000/api/v1/watersheds/hydat.08HB014
Internal Server Error
error: http://wally-staging-api:8000/api/v1/watersheds/hydat.08HB015
Internal Server Error
*** LOG PROGRESS ***
row count: 290
process time: 38.430675423145296 minutes
failed calls: 273 94.13793103448276%
successful watersheds count: 17 out of 290
successful watersheds percentage: 5.862068965517241%
*** LOG END ***
error: http://wally-staging-api:8000/api/v1/watersheds/hydat.08HB016
Internal Server Error
error: http://wally-staging-api:8000/api/v1/watersheds/hydat.08HB017
Internal Server Error
error: http://wally-staging-api:8000/api/v1/watersheds/hydat.08HB018
Internal Server Error
error: http://wally-staging-api:8000/api/v1/watersheds/hydat.08HB022
Internal Server Error
error: http://wally-staging-api:8000/api/v1/watersheds/hydat.08HB023
Internal Server Error
error: http://wally-staging-api:8000/api/v1/watersheds/hydat.08HB024
Internal Server Error
error: http://wally-staging-api:8000/api/v1/watersheds/hydat.08HB025
Internal Server Error
error: http://wally-staging-api:8000/api/v1/watersheds/hydat.08HB026
Internal Server Error
error: http://wally-staging-api:8000/api/v1/watersheds/hydat.08HB027
Internal Server Error
error: http://wally-staging-api:8000/api/v1/watersheds/hydat.08HB028
Internal Server Error
*** LOG PROGRESS ***
row count: 300
process time: 38.43295952479045 minutes
failed calls: 283 94.33333333333334%
successful watersheds count: 17 out of 300
successful watersheds percentage: 5.666666666666666%
*** LOG END ***
error: http://wally-staging-api:8000/api/v1/watersheds/hydat.08HB029
Internal Server Error
error: http://wally-staging-api:8000/api/v1/watersheds/hydat.08HB030
Internal Server Error
error: http://wally-staging-api:8000/api/v1/watersheds/hydat.08HB031
Internal Server Error
error: http://wally-staging-api:8000/api/v1/watersheds/hydat.08HB032
Internal Server Error
error: http://wally-staging-api:8000/api/v1/watersheds/hydat.08HB034
Internal Server Error
error: http://wally-staging-api:8000/api/v1/watersheds/hydat.08HB037
Internal Server Error
error: http://wally-staging-api:8000/api/v1/watersheds/hydat.08HB041
Internal Server Error
error: http://wally-staging-api:8000/api/v1/watersheds/hydat.08HB043
Internal Server Error
error: http://wally-staging-api:8000/api/v1/watersheds/hydat.08HB045
Internal Server Error
error: http://wally-staging-api:8000/api/v1/watersheds/hydat.08HB046
Internal Server Error
*** LOG PROGRESS ***
row count: 310
process time: 38.43504042228063 minutes
failed calls: 293 94.51612903225806%
successful watersheds count: 17 out of 310
successful watersheds percentage: 5.483870967741936%
*** LOG END ***
error: http://wally-staging-api:8000/api/v1/watersheds/hydat.08HB047
Internal Server Error
error: http://wally-staging-api:8000/api/v1/watersheds/hydat.08HB048
Internal Server Error
error: http://wally-staging-api:8000/api/v1/watersheds/hydat.08HB053
Internal Server Error
error: http://wally-staging-api:8000/api/v1/watersheds/hydat.08HB062
Internal Server Error
success: http://wally-staging-api:8000/api/v1/watersheds/hydat.08HB069
error: http://wally-staging-api:8000/api/v1/watersheds/hydat.08HB074
Internal Server Error
success: http://wally-staging-api:8000/api/v1/watersheds/hydat.08HB075
success: http://wally-staging-api:8000/api/v1/watersheds/hydat.08HB078
success: http://wally-staging-api:8000/api/v1/watersheds/hydat.08HB080
success: http://wally-staging-api:8000/api/v1/watersheds/hydat.08HB082
*** LOG PROGRESS ***
row count: 320
process time: 39.325066884358726 minutes
failed calls: 298 93.125%
successful watersheds count: 22 out of 320
successful watersheds percentage: 6.875000000000001%
*** LOG END ***
error: http://wally-staging-api:8000/api/v1/watersheds/hydat.08HB084
Internal Server Error
success: http://wally-staging-api:8000/api/v1/watersheds/hydat.08HB086
success: http://wally-staging-api:8000/api/v1/watersheds/hydat.08HB088
error: http://wally-staging-api:8000/api/v1/watersheds/hydat.08HB089
Internal Server Error
error: http://wally-staging-api:8000/api/v1/watersheds/hydat.08HB090
Internal Server Error
error: http://wally-staging-api:8000/api/v1/watersheds/hydat.08HB092
Internal Server Error
success: http://wally-staging-api:8000/api/v1/watersheds/hydat.08HC001
success: http://wally-staging-api:8000/api/v1/watersheds/hydat.08HC002
error: http://wally-staging-api:8000/api/v1/watersheds/hydat.08HC004
Internal Server Error
error: http://wally-staging-api:8000/api/v1/watersheds/hydat.08HC005
Internal Server Error
*** LOG PROGRESS ***
row count: 330
process time: 40.04749651749929 minutes
failed calls: 304 92.12121212121212%
successful watersheds count: 26 out of 330
successful watersheds percentage: 7.878787878787878%
*** LOG END ***
error: http://wally-staging-api:8000/api/v1/watersheds/hydat.08HC006
Internal Server Error
success: http://wally-staging-api:8000/api/v1/watersheds/hydat.08HC007
success: http://wally-staging-api:8000/api/v1/watersheds/hydat.08HD001
success: http://wally-staging-api:8000/api/v1/watersheds/hydat.08HD002
success: http://wally-staging-api:8000/api/v1/watersheds/hydat.08HD003
success: http://wally-staging-api:8000/api/v1/watersheds/hydat.08HD004
success: http://wally-staging-api:8000/api/v1/watersheds/hydat.08HD005
success: http://wally-staging-api:8000/api/v1/watersheds/hydat.08HD006
success: http://wally-staging-api:8000/api/v1/watersheds/hydat.08HD007
success: http://wally-staging-api:8000/api/v1/watersheds/hydat.08HD011
*** LOG PROGRESS ***
row count: 340
process time: 46.21765127976735 minutes
failed calls: 305 89.70588235294117%
successful watersheds count: 35 out of 340
successful watersheds percentage: 10.294117647058822%
*** LOG END ***
success: http://wally-staging-api:8000/api/v1/watersheds/hydat.08HD012
success: http://wally-staging-api:8000/api/v1/watersheds/hydat.08HD015
success: http://wally-staging-api:8000/api/v1/watersheds/hydat.08HD016
success: http://wally-staging-api:8000/api/v1/watersheds/hydat.08HD018
success: http://wally-staging-api:8000/api/v1/watersheds/hydat.08HD020
success: http://wally-staging-api:8000/api/v1/watersheds/hydat.08HD021
Traceback (most recent call last):
  File "/usr/local/lib/python3.8/dist-packages/urllib3/connectionpool.py", line 699, in urlopen
    httplib_response = self._make_request(
  File "/usr/local/lib/python3.8/dist-packages/urllib3/connectionpool.py", line 445, in _make_request
    six.raise_from(e, None)
  File "<string>", line 3, in raise_from
  File "/usr/local/lib/python3.8/dist-packages/urllib3/connectionpool.py", line 440, in _make_request
    httplib_response = conn.getresponse()
  File "/usr/lib/python3.8/http/client.py", line 1347, in getresponse
    response.begin()
  File "/usr/lib/python3.8/http/client.py", line 307, in begin
    version, status, reason = self._read_status()
  File "/usr/lib/python3.8/http/client.py", line 276, in _read_status
    raise RemoteDisconnected("Remote end closed connection without"
http.client.RemoteDisconnected: Remote end closed connection without response

During handling of the above exception, another exception occurred:

Traceback (most recent call last):
  File "/usr/local/lib/python3.8/dist-packages/requests/adapters.py", line 439, in send
    resp = conn.urlopen(
  File "/usr/local/lib/python3.8/dist-packages/urllib3/connectionpool.py", line 755, in urlopen
    retries = retries.increment(
  File "/usr/local/lib/python3.8/dist-packages/urllib3/util/retry.py", line 532, in increment
    raise six.reraise(type(error), error, _stacktrace)
  File "/usr/local/lib/python3.8/dist-packages/urllib3/packages/six.py", line 769, in reraise
    raise value.with_traceback(tb)
  File "/usr/local/lib/python3.8/dist-packages/urllib3/connectionpool.py", line 699, in urlopen
    httplib_response = self._make_request(
  File "/usr/local/lib/python3.8/dist-packages/urllib3/connectionpool.py", line 445, in _make_request
    six.raise_from(e, None)
  File "<string>", line 3, in raise_from
  File "/usr/local/lib/python3.8/dist-packages/urllib3/connectionpool.py", line 440, in _make_request
    httplib_response = conn.getresponse()
  File "/usr/lib/python3.8/http/client.py", line 1347, in getresponse
    response.begin()
  File "/usr/lib/python3.8/http/client.py", line 307, in begin
    version, status, reason = self._read_status()
  File "/usr/lib/python3.8/http/client.py", line 276, in _read_status
    raise RemoteDisconnected("Remote end closed connection without"
urllib3.exceptions.ProtocolError: ('Connection aborted.', RemoteDisconnected('Remote end closed connection without response'))

During handling of the above exception, another exception occurred:

Traceback (most recent call last):
  File "/dataload/scrape_stations.py", line 98, in <module>
    resp = req.get(base_url + "/api/v1/watersheds/" + station_id, headers=headers)
  File "/usr/local/lib/python3.8/dist-packages/requests/api.py", line 76, in get
    return request('get', url, params=params, **kwargs)
  File "/usr/local/lib/python3.8/dist-packages/requests/api.py", line 61, in request
    return session.request(method=method, url=url, **kwargs)
  File "/usr/local/lib/python3.8/dist-packages/requests/sessions.py", line 542, in request
    resp = self.send(prep, **send_kwargs)
  File "/usr/local/lib/python3.8/dist-packages/requests/sessions.py", line 655, in send
    r = adapter.send(request, **kwargs)
  File "/usr/local/lib/python3.8/dist-packages/requests/adapters.py", line 498, in send
    raise ConnectionError(err, request=request)
requests.exceptions.ConnectionError: ('Connection aborted.', RemoteDisconnected('Remote end closed connection without response'))